<?xml version="1.0" encoding="UTF-8"?>
<!-- Generated by org.testng.reporters.JUnitReportReporter -->
<testsuite hostname="DESKTOP-C1FO4PM" failures="0" tests="1" name="testCases.TC004_AddToCart" time="51.404" errors="0" timestamp="2025-04-08T15:27:52 IST" skipped="0">
  <testcase classname="testCases.TC004_AddToCart" name="AddToCart" time="51.404"/>
</testsuite> <!-- testCases.TC004_AddToCart -->
