<?xml version="1.0" encoding="UTF-8"?>
<!-- Generated by org.testng.reporters.JUnitReportReporter -->
<testsuite hostname="DESKTOP-C1FO4PM" failures="0" tests="5" name="testCases.TC010_Checkoutpage" time="115.357" errors="0" timestamp="2025-04-01T15:52:10 IST" skipped="0">
  <testcase classname="testCases.TC010_Checkoutpage" name="applyLoyaltyPointToCart" time="73.261"/>
  <testcase classname="testCases.TC010_Checkoutpage" name="removeLoyaltyPointToCart" time="12.372"/>
  <testcase classname="testCases.TC010_Checkoutpage" name="addNewAddress" time="5.314"/>
  <testcase classname="testCases.TC010_Checkoutpage" name="editNewAddress" time="7.401"/>
  <testcase classname="testCases.TC010_Checkoutpage" name="addAlternateNewAddress" time="17.009"/>
</testsuite> <!-- testCases.TC010_Checkoutpage -->
