<?xml version="1.0" encoding="UTF-8"?>
<!-- Generated by org.testng.reporters.JUnitReportReporter -->
<testsuite hostname="DESKTOP-C1FO4PM" failures="0" tests="7" name="testCases.TC009_Minicart" time="45.574" errors="0" timestamp="2025-04-08T15:27:52 IST" skipped="0">
  <testcase classname="testCases.TC009_Minicart" name="addToWishListInMiniCartPage" time="2.087"/>
  <testcase classname="testCases.TC009_Minicart" name="removeFromWishListInCartPage" time="3.743"/>
  <testcase classname="testCases.TC009_Minicart" name="increaseProductQuanityInMiniCart" time="17.500"/>
  <testcase classname="testCases.TC009_Minicart" name="decreaseProductQuanityInMiniCart" time="13.394"/>
  <testcase classname="testCases.TC009_Minicart" name="applyCouponCodeValidation" time="3.349"/>
  <testcase classname="testCases.TC009_Minicart" name="removeCouponCodeValidation" time="2.365"/>
  <testcase classname="testCases.TC009_Minicart" name="removeProductFromMiniCart" time="3.136"/>
</testsuite> <!-- testCases.TC009_Minicart -->
