<?xml version="1.0" encoding="UTF-8"?>
<!-- Generated by org.testng.reporters.JUnitReportReporter -->
<testsuite hostname="DESKTOP-C1FO4PM" failures="0" tests="1" name="testCases.TC007_AddToCartPLPTest" time="34.838" errors="0" timestamp="2025-04-01T15:52:10 IST" skipped="0">
  <testcase classname="testCases.TC007_AddToCartPLPTest" name="PLPAddToCart" time="34.838"/>
</testsuite> <!-- testCases.TC007_AddToCartPLPTest -->
