<?xml version="1.0" encoding="UTF-8"?>
<!-- Generated by org.testng.reporters.JUnitReportReporter -->
<testsuite hostname="DESKTOP-C1FO4PM" failures="0" tests="7" name="testCases.TC009_Minicart" time="44.146" errors="0" timestamp="2025-04-01T15:52:10 IST" skipped="0">
  <testcase classname="testCases.TC009_Minicart" name="addToWishListInMiniCartPage" time="2.480"/>
  <testcase classname="testCases.TC009_Minicart" name="removeFromWishListInCartPage" time="3.512"/>
  <testcase classname="testCases.TC009_Minicart" name="increaseProductQuanityInMiniCart" time="17.544"/>
  <testcase classname="testCases.TC009_Minicart" name="decreaseProductQuanityInMiniCart" time="13.454"/>
  <testcase classname="testCases.TC009_Minicart" name="applyCouponCodeValidation" time="3.360"/>
  <testcase classname="testCases.TC009_Minicart" name="removeCouponCodeValidation" time="1.271"/>
  <testcase classname="testCases.TC009_Minicart" name="removeProductFromMiniCart" time="2.525"/>
</testsuite> <!-- testCases.TC009_Minicart -->
