<?xml version="1.0" encoding="UTF-8"?>
<!-- Generated by org.testng.reporters.JUnitReportReporter -->
<testsuite hostname="DESKTOP-C1FO4PM" failures="0" tests="2" name="testCases.TC011_OrderPlace" time="236.573" errors="0" timestamp="2025-04-01T15:52:10 IST" skipped="0">
  <testcase classname="testCases.TC011_OrderPlace" name="orderPlacing" time="104.728"/>
  <testcase classname="testCases.TC011_OrderPlace" name="orderPlacing" time="131.845"/>
</testsuite> <!-- testCases.TC011_OrderPlace -->
