<?xml version="1.0" encoding="UTF-8"?>
<!-- Generated by org.testng.reporters.JUnitReportReporter -->
<testsuite hostname="DESKTOP-C1FO4PM" failures="0" tests="6" name="testCases.TC003_LoginPageTestDDT" time="51.627" errors="0" timestamp="2025-02-26T15:34:05 IST" skipped="0">
  <testcase classname="testCases.TC003_LoginPageTestDDT" name="LoginTestDDT" time="8.377"/>
  <system-out/>
  <testcase classname="testCases.TC003_LoginPageTestDDT" name="LoginTestDDT" time="10.932"/>
  <system-out/>
  <testcase classname="testCases.TC003_LoginPageTestDDT" name="LoginTestDDT" time="8.120"/>
  <system-out/>
  <testcase classname="testCases.TC003_LoginPageTestDDT" name="LoginTestDDT" time="8.082"/>
  <system-out/>
  <testcase classname="testCases.TC003_LoginPageTestDDT" name="LoginTestDDT" time="7.957"/>
  <system-out/>
  <testcase classname="testCases.TC003_LoginPageTestDDT" name="LoginTestDDT" time="8.159"/>
  <system-out/>
</testsuite> <!-- testCases.TC003_LoginPageTestDDT -->
