<?xml version="1.0" encoding="UTF-8"?>
<!-- Generated by org.testng.reporters.JUnitReportReporter -->
<testsuite hostname="DESKTOP-C1FO4PM" failures="0" tests="1" name="testCases.TC002_LoginPageTest" time="5.622" errors="0" timestamp="2025-02-26T14:54:13 IST" skipped="0">
  <testcase classname="testCases.TC002_LoginPageTest" name="verifyLogin" time="5.622"/>
  <system-out/>
</testsuite> <!-- testCases.TC002_LoginPageTest -->
