<?xml version="1.0" encoding="UTF-8"?>
<!-- Generated by org.testng.reporters.JUnitReportReporter -->
<testsuite hostname="DESKTOP-C1FO4PM" failures="0" tests="2" name="testCases.TC008_WishListPDP" time="48.554" errors="0" timestamp="2025-04-08T15:27:52 IST" skipped="0">
  <testcase classname="testCases.TC008_WishListPDP" name="PDPAddToWishList" time="46.020"/>
  <testcase classname="testCases.TC008_WishListPDP" name="PDPRemoveFromWishList" time="2.534"/>
</testsuite> <!-- testCases.TC008_WishListPDP -->
