<?xml version="1.0" encoding="UTF-8"?>
<!-- Generated by org.testng.reporters.JUnitReportReporter -->
<testsuite hostname="DESKTOP-C1FO4PM" failures="0" tests="2" name="testCases.TC008_WishListPDP" time="48.260" errors="0" timestamp="2025-04-01T15:52:10 IST" skipped="0">
  <testcase classname="testCases.TC008_WishListPDP" name="PDPAddToWishList" time="45.784"/>
  <testcase classname="testCases.TC008_WishListPDP" name="PDPRemoveFromWishList" time="2.476"/>
</testsuite> <!-- testCases.TC008_WishListPDP -->
