<?xml version="1.0" encoding="UTF-8"?>
<!-- Generated by org.testng.reporters.JUnitReportReporter -->
<testsuite hostname="DESKTOP-C1FO4PM" failures="0" tests="9" name="testCases.TC006_AddFreeBeeToCart" time="130.385" errors="0" timestamp="2025-04-01T15:52:10 IST" skipped="0">
  <testcase classname="testCases.TC006_AddFreeBeeToCart" name="addFreeBeeValidation" time="61.937"/>
  <testcase classname="testCases.TC006_AddFreeBeeToCart" name="removeFreeBeeValidation" time="12.528"/>
  <testcase classname="testCases.TC006_AddFreeBeeToCart" name="addToWishListInCartPage" time="6.866"/>
  <testcase classname="testCases.TC006_AddFreeBeeToCart" name="removeFromWishListInCartPage" time="3.531"/>
  <testcase classname="testCases.TC006_AddFreeBeeToCart" name="increaseProductQuanityInCartPage" time="17.508"/>
  <testcase classname="testCases.TC006_AddFreeBeeToCart" name="decreaseProductQuanityInCartPage" time="15.502"/>
  <testcase classname="testCases.TC006_AddFreeBeeToCart" name="addCouponCodeInCartPageValidation" time="5.489"/>
  <testcase classname="testCases.TC006_AddFreeBeeToCart" name="removeCouponCodeInCartPageValidation" time="1.875"/>
  <testcase classname="testCases.TC006_AddFreeBeeToCart" name="removeProductFromCart" time="5.149"/>
</testsuite> <!-- testCases.TC006_AddFreeBeeToCart -->
