<?xml version="1.0" encoding="UTF-8"?>
<!-- Generated by org.testng.reporters.JUnitReportReporter -->
<testsuite hostname="DESKTOP-C1FO4PM" failures="0" tests="5" name="testCases.TC010_Checkoutpage" time="115.794" errors="0" timestamp="2025-04-08T15:27:52 IST" skipped="0">
  <testcase classname="testCases.TC010_Checkoutpage" name="applyLoyaltyPointToCart" time="73.245"/>
  <testcase classname="testCases.TC010_Checkoutpage" name="removeLoyaltyPointToCart" time="12.360"/>
  <testcase classname="testCases.TC010_Checkoutpage" name="addNewAddress" time="5.315"/>
  <testcase classname="testCases.TC010_Checkoutpage" name="editNewAddress" time="7.506"/>
  <testcase classname="testCases.TC010_Checkoutpage" name="addAlternateNewAddress" time="17.368"/>
</testsuite> <!-- testCases.TC010_Checkoutpage -->
