<?xml version="1.0" encoding="UTF-8"?>
<!-- Generated by org.testng.reporters.JUnitReportReporter -->
<testsuite hostname="DESKTOP-C1FO4PM" failures="0" tests="9" name="testCases.TC006_AddFreeBeeToCart" time="132.766" errors="0" timestamp="2025-04-08T15:27:52 IST" skipped="0">
  <testcase classname="testCases.TC006_AddFreeBeeToCart" name="addFreeBeeValidation" time="62.563"/>
  <testcase classname="testCases.TC006_AddFreeBeeToCart" name="removeFreeBeeValidation" time="12.536"/>
  <testcase classname="testCases.TC006_AddFreeBeeToCart" name="addToWishListInCartPage" time="7.275"/>
  <testcase classname="testCases.TC006_AddFreeBeeToCart" name="removeFromWishListInCartPage" time="3.424"/>
  <testcase classname="testCases.TC006_AddFreeBeeToCart" name="increaseProductQuanityInCartPage" time="17.479"/>
  <testcase classname="testCases.TC006_AddFreeBeeToCart" name="decreaseProductQuanityInCartPage" time="15.502"/>
  <testcase classname="testCases.TC006_AddFreeBeeToCart" name="addCouponCodeInCartPageValidation" time="5.461"/>
  <testcase classname="testCases.TC006_AddFreeBeeToCart" name="removeCouponCodeInCartPageValidation" time="1.336"/>
  <testcase classname="testCases.TC006_AddFreeBeeToCart" name="removeProductFromCart" time="7.190"/>
</testsuite> <!-- testCases.TC006_AddFreeBeeToCart -->
