<?xml version="1.0" encoding="UTF-8"?>
<!-- Generated by org.testng.reporters.JUnitReportReporter -->
<testsuite hostname="DESKTOP-C1FO4PM" failures="0" tests="1" name="testCases.TC002_LoginPageTest" time="6.174" errors="0" timestamp="2025-02-28T17:58:36 IST" skipped="0">
  <testcase classname="testCases.TC002_LoginPageTest" name="verifyLogin" time="6.174"/>
</testsuite> <!-- testCases.TC002_LoginPageTest -->
