<?xml version="1.0" encoding="UTF-8"?>
<!-- Generated by org.testng.reporters.JUnitReportReporter -->
<testsuite hostname="DESKTOP-C1FO4PM" failures="0" tests="1" name="testCases.TC002_LoginPageTest" time="5.518" errors="0" timestamp="2025-02-27T17:17:35 IST" skipped="0">
  <testcase classname="testCases.TC002_LoginPageTest" name="verifyLogin" time="5.518"/>
</testsuite> <!-- testCases.TC002_LoginPageTest -->
